<?xml version="1.0" encoding="UTF-8"?>
<!-- Generated by org.testng.reporters.JUnitReportReporter -->
<testsuite hostname="mano-PC" name="ecom.flipkart.testcases.flipkartTesting.TC_001" tests="1" failures="0" timestamp="12 Mar 2016 10:14:38 GMT" time="57.579" errors="0">
  <testcase name="mainTest" time="57.579" classname="ecom.flipkart.testcases.flipkartTesting.TC_001"/>
</testsuite> <!-- ecom.flipkart.testcases.flipkartTesting.TC_001 -->
